Analysis & Synthesis report for BusPaymentMachine
Thu Mar 18 23:19:35 2021
Quartus II 64-Bit Version 13.0.1 Build 232 06/12/2013 Service Pack 1 SJ Web Edition


---------------------
; Table of Contents ;
---------------------
  1. Legal Notice
  2. Analysis & Synthesis Summary
  3. Analysis & Synthesis Settings
  4. Parallel Compilation
  5. Analysis & Synthesis Source Files Read
  6. Analysis & Synthesis Resource Usage Summary
  7. Analysis & Synthesis Resource Utilization by Entity
  8. State Machine - |BusPaymentMachine|controller:CONTROLLER_COMPONENT|current_state
  9. General Register Statistics
 10. Multiplexer Restructuring Statistics (Restructuring Performed)
 11. Parameter Settings for User Entity Instance: Top-level Entity: |BusPaymentMachine
 12. Parameter Settings for User Entity Instance: DataPath:DATAPATH_COMPONENT
 13. Parameter Settings for User Entity Instance: DataPath:DATAPATH_COMPONENT|Register16b:C_ID_REGISTER
 14. Parameter Settings for User Entity Instance: DataPath:DATAPATH_COMPONENT|Register16b:C_BUDGET_REGISTER
 15. Parameter Settings for User Entity Instance: DataPath:DATAPATH_COMPONENT|Register16b:PRICE_REGISTER
 16. Parameter Settings for User Entity Instance: DataPath:DATAPATH_COMPONENT|LessThan16b:LESSTHAN
 17. Parameter Settings for User Entity Instance: DataPath:DATAPATH_COMPONENT|Subtrator16b:SUBTRACTOR
 18. Parameter Settings for User Entity Instance: DataPath:DATAPATH_COMPONENT|Mux2i:MUX
 19. Elapsed Time Per Partition
 20. Analysis & Synthesis Messages



----------------
; Legal Notice ;
----------------
Copyright (C) 1991-2013 Altera Corporation
Your use of Altera Corporation's design tools, logic functions 
and other software and tools, and its AMPP partner logic 
functions, and any output files from any of the foregoing 
(including device programming or simulation files), and any 
associated documentation or information are expressly subject 
to the terms and conditions of the Altera Program License 
Subscription Agreement, Altera MegaCore Function License 
Agreement, or other applicable license agreement, including, 
without limitation, that your use is for the sole purpose of 
programming logic devices manufactured by Altera and sold by 
Altera or its authorized distributors.  Please refer to the 
applicable agreement for further details.



+--------------------------------------------------------------------------------------+
; Analysis & Synthesis Summary                                                         ;
+------------------------------------+-------------------------------------------------+
; Analysis & Synthesis Status        ; Successful - Thu Mar 18 23:19:34 2021           ;
; Quartus II 64-Bit Version          ; 13.0.1 Build 232 06/12/2013 SP 1 SJ Web Edition ;
; Revision Name                      ; BusPaymentMachine                               ;
; Top-level Entity Name              ; BusPaymentMachine                               ;
; Family                             ; Cyclone II                                      ;
; Total logic elements               ; 79                                              ;
;     Total combinational functions  ; 76                                              ;
;     Dedicated logic registers      ; 58                                              ;
; Total registers                    ; 58                                              ;
; Total pins                         ; 88                                              ;
; Total virtual pins                 ; 0                                               ;
; Total memory bits                  ; 0                                               ;
; Embedded Multiplier 9-bit elements ; 0                                               ;
; Total PLLs                         ; 0                                               ;
+------------------------------------+-------------------------------------------------+


+----------------------------------------------------------------------------------------------------------------------+
; Analysis & Synthesis Settings                                                                                        ;
+----------------------------------------------------------------------------+--------------------+--------------------+
; Option                                                                     ; Setting            ; Default Value      ;
+----------------------------------------------------------------------------+--------------------+--------------------+
; Device                                                                     ; EP2C35F484C6       ;                    ;
; Top-level entity name                                                      ; BusPaymentMachine  ; BusPaymentMachine  ;
; Family name                                                                ; Cyclone II         ; Cyclone IV GX      ;
; Use smart compilation                                                      ; Off                ; Off                ;
; Enable parallel Assembler and TimeQuest Timing Analyzer during compilation ; On                 ; On                 ;
; Enable compact report table                                                ; Off                ; Off                ;
; Restructure Multiplexers                                                   ; Auto               ; Auto               ;
; Create Debugging Nodes for IP Cores                                        ; Off                ; Off                ;
; Preserve fewer node names                                                  ; On                 ; On                 ;
; Disable OpenCore Plus hardware evaluation                                  ; Off                ; Off                ;
; Verilog Version                                                            ; Verilog_2001       ; Verilog_2001       ;
; VHDL Version                                                               ; VHDL_1993          ; VHDL_1993          ;
; State Machine Processing                                                   ; Auto               ; Auto               ;
; Safe State Machine                                                         ; Off                ; Off                ;
; Extract Verilog State Machines                                             ; On                 ; On                 ;
; Extract VHDL State Machines                                                ; On                 ; On                 ;
; Ignore Verilog initial constructs                                          ; Off                ; Off                ;
; Iteration limit for constant Verilog loops                                 ; 5000               ; 5000               ;
; Iteration limit for non-constant Verilog loops                             ; 250                ; 250                ;
; Add Pass-Through Logic to Inferred RAMs                                    ; On                 ; On                 ;
; Infer RAMs from Raw Logic                                                  ; On                 ; On                 ;
; Parallel Synthesis                                                         ; On                 ; On                 ;
; DSP Block Balancing                                                        ; Auto               ; Auto               ;
; NOT Gate Push-Back                                                         ; On                 ; On                 ;
; Power-Up Don't Care                                                        ; On                 ; On                 ;
; Remove Redundant Logic Cells                                               ; Off                ; Off                ;
; Remove Duplicate Registers                                                 ; On                 ; On                 ;
; Ignore CARRY Buffers                                                       ; Off                ; Off                ;
; Ignore CASCADE Buffers                                                     ; Off                ; Off                ;
; Ignore GLOBAL Buffers                                                      ; Off                ; Off                ;
; Ignore ROW GLOBAL Buffers                                                  ; Off                ; Off                ;
; Ignore LCELL Buffers                                                       ; Off                ; Off                ;
; Ignore SOFT Buffers                                                        ; On                 ; On                 ;
; Limit AHDL Integers to 32 Bits                                             ; Off                ; Off                ;
; Optimization Technique                                                     ; Balanced           ; Balanced           ;
; Carry Chain Length                                                         ; 70                 ; 70                 ;
; Auto Carry Chains                                                          ; On                 ; On                 ;
; Auto Open-Drain Pins                                                       ; On                 ; On                 ;
; Perform WYSIWYG Primitive Resynthesis                                      ; Off                ; Off                ;
; Auto ROM Replacement                                                       ; On                 ; On                 ;
; Auto RAM Replacement                                                       ; On                 ; On                 ;
; Auto Shift Register Replacement                                            ; Auto               ; Auto               ;
; Allow Shift Register Merging across Hierarchies                            ; Auto               ; Auto               ;
; Auto Clock Enable Replacement                                              ; On                 ; On                 ;
; Strict RAM Replacement                                                     ; Off                ; Off                ;
; Allow Synchronous Control Signals                                          ; On                 ; On                 ;
; Force Use of Synchronous Clear Signals                                     ; Off                ; Off                ;
; Auto RAM to Logic Cell Conversion                                          ; Off                ; Off                ;
; Auto Resource Sharing                                                      ; Off                ; Off                ;
; Allow Any RAM Size For Recognition                                         ; Off                ; Off                ;
; Allow Any ROM Size For Recognition                                         ; Off                ; Off                ;
; Allow Any Shift Register Size For Recognition                              ; Off                ; Off                ;
; Use LogicLock Constraints during Resource Balancing                        ; On                 ; On                 ;
; Ignore translate_off and synthesis_off directives                          ; Off                ; Off                ;
; Timing-Driven Synthesis                                                    ; Off                ; Off                ;
; Report Parameter Settings                                                  ; On                 ; On                 ;
; Report Source Assignments                                                  ; On                 ; On                 ;
; Report Connectivity Checks                                                 ; On                 ; On                 ;
; Ignore Maximum Fan-Out Assignments                                         ; Off                ; Off                ;
; Synchronization Register Chain Length                                      ; 2                  ; 2                  ;
; PowerPlay Power Optimization                                               ; Normal compilation ; Normal compilation ;
; HDL message level                                                          ; Level2             ; Level2             ;
; Suppress Register Optimization Related Messages                            ; Off                ; Off                ;
; Number of Removed Registers Reported in Synthesis Report                   ; 5000               ; 5000               ;
; Number of Swept Nodes Reported in Synthesis Report                         ; 5000               ; 5000               ;
; Number of Inverted Registers Reported in Synthesis Report                  ; 100                ; 100                ;
; Clock MUX Protection                                                       ; On                 ; On                 ;
; Auto Gated Clock Conversion                                                ; Off                ; Off                ;
; Block Design Naming                                                        ; Auto               ; Auto               ;
; SDC constraint protection                                                  ; Off                ; Off                ;
; Synthesis Effort                                                           ; Auto               ; Auto               ;
; Shift Register Replacement - Allow Asynchronous Clear Signal               ; On                 ; On                 ;
; Pre-Mapping Resynthesis Optimization                                       ; Off                ; Off                ;
; Analysis & Synthesis Message Level                                         ; Medium             ; Medium             ;
; Disable Register Merging Across Hierarchies                                ; Auto               ; Auto               ;
; Resource Aware Inference For Block RAM                                     ; On                 ; On                 ;
; Synthesis Seed                                                             ; 1                  ; 1                  ;
+----------------------------------------------------------------------------+--------------------+--------------------+


Parallel compilation was disabled, but you have multiple processors available. Enable parallel compilation to reduce compilation time.
+-------------------------------------+
; Parallel Compilation                ;
+----------------------------+--------+
; Processors                 ; Number ;
+----------------------------+--------+
; Number detected on machine ; 8      ;
; Maximum allowed            ; 1      ;
+----------------------------+--------+


+------------------------------------------------------------------------------------------------------------------------------------------------------------------------------------------+
; Analysis & Synthesis Source Files Read                                                                                                                                                   ;
+----------------------------------------------+-----------------+-----------------+---------------------------------------------------------------------------------------------+---------+
; File Name with User-Entered Path             ; Used in Netlist ; File Type       ; File Name with Absolute Path                                                                ; Library ;
+----------------------------------------------+-----------------+-----------------+---------------------------------------------------------------------------------------------+---------+
; ../Components/DataPath/DataPath.vhd          ; yes             ; User VHDL File  ; D:/altera/13.0sp1/TrabalhoFinal/BusPaymentMachine/Components/DataPath/DataPath.vhd          ;         ;
; ../Components/Subtractor16b/Subtrator16b.vhd ; yes             ; User VHDL File  ; D:/altera/13.0sp1/TrabalhoFinal/BusPaymentMachine/Components/Subtractor16b/Subtrator16b.vhd ;         ;
; ../Components/Register16b/Register16b.vhd    ; yes             ; User VHDL File  ; D:/altera/13.0sp1/TrabalhoFinal/BusPaymentMachine/Components/Register16b/Register16b.vhd    ;         ;
; ../Components/Mux2i/Mux2i.vhd                ; yes             ; User VHDL File  ; D:/altera/13.0sp1/TrabalhoFinal/BusPaymentMachine/Components/Mux2i/Mux2i.vhd                ;         ;
; ../Components/LessThan16b/LessThan16b.vhd    ; yes             ; User VHDL File  ; D:/altera/13.0sp1/TrabalhoFinal/BusPaymentMachine/Components/LessThan16b/LessThan16b.vhd    ;         ;
; ../Components/Controller/Controller.vhd      ; yes             ; User VHDL File  ; D:/altera/13.0sp1/TrabalhoFinal/BusPaymentMachine/Components/Controller/Controller.vhd      ;         ;
; BusPaymentMachine.vhd                        ; yes             ; User VHDL File  ; D:/altera/13.0sp1/TrabalhoFinal/BusPaymentMachine/Machine/BusPaymentMachine.vhd             ;         ;
+----------------------------------------------+-----------------+-----------------+---------------------------------------------------------------------------------------------+---------+


+-----------------------------------------------------+
; Analysis & Synthesis Resource Usage Summary         ;
+---------------------------------------------+-------+
; Resource                                    ; Usage ;
+---------------------------------------------+-------+
; Estimated Total logic elements              ; 79    ;
;                                             ;       ;
; Total combinational functions               ; 76    ;
; Logic element usage by number of LUT inputs ;       ;
;     -- 4 input functions                    ; 2     ;
;     -- 3 input functions                    ; 67    ;
;     -- <=2 input functions                  ; 7     ;
;                                             ;       ;
; Logic elements by mode                      ;       ;
;     -- normal mode                          ; 46    ;
;     -- arithmetic mode                      ; 30    ;
;                                             ;       ;
; Total registers                             ; 58    ;
;     -- Dedicated logic registers            ; 58    ;
;     -- I/O registers                        ; 0     ;
;                                             ;       ;
; I/O pins                                    ; 88    ;
; Embedded Multiplier 9-bit elements          ; 0     ;
; Maximum fan-out node                        ; clock ;
; Maximum fan-out                             ; 58    ;
; Total fan-out                               ; 470   ;
; Average fan-out                             ; 2.12  ;
+---------------------------------------------+-------+


+-------------------------------------------------------------------------------------------------------------------------------------------------------------------------------------------------------------------------------------------------+
; Analysis & Synthesis Resource Utilization by Entity                                                                                                                                                                                             ;
+---------------------------------------+-------------------+--------------+-------------+--------------+---------+-----------+------+--------------+------------------------------------------------------------------------------+--------------+
; Compilation Hierarchy Node            ; LC Combinationals ; LC Registers ; Memory Bits ; DSP Elements ; DSP 9x9 ; DSP 18x18 ; Pins ; Virtual Pins ; Full Hierarchy Name                                                          ; Library Name ;
+---------------------------------------+-------------------+--------------+-------------+--------------+---------+-----------+------+--------------+------------------------------------------------------------------------------+--------------+
; |BusPaymentMachine                    ; 76 (0)            ; 58 (0)       ; 0           ; 0            ; 0       ; 0         ; 88   ; 0            ; |BusPaymentMachine                                                           ; work         ;
;    |DataPath:DATAPATH_COMPONENT|      ; 67 (0)            ; 48 (0)       ; 0           ; 0            ; 0       ; 0         ; 0    ; 0            ; |BusPaymentMachine|DataPath:DATAPATH_COMPONENT                               ; work         ;
;       |LessThan16b:LESSTHAN|          ; 16 (16)           ; 0 (0)        ; 0           ; 0            ; 0       ; 0         ; 0    ; 0            ; |BusPaymentMachine|DataPath:DATAPATH_COMPONENT|LessThan16b:LESSTHAN          ; work         ;
;       |Register16b:C_BUDGET_REGISTER| ; 17 (17)           ; 16 (16)      ; 0           ; 0            ; 0       ; 0         ; 0    ; 0            ; |BusPaymentMachine|DataPath:DATAPATH_COMPONENT|Register16b:C_BUDGET_REGISTER ; work         ;
;       |Register16b:C_ID_REGISTER|     ; 17 (17)           ; 16 (16)      ; 0           ; 0            ; 0       ; 0         ; 0    ; 0            ; |BusPaymentMachine|DataPath:DATAPATH_COMPONENT|Register16b:C_ID_REGISTER     ; work         ;
;       |Register16b:PRICE_REGISTER|    ; 17 (17)           ; 16 (16)      ; 0           ; 0            ; 0       ; 0         ; 0    ; 0            ; |BusPaymentMachine|DataPath:DATAPATH_COMPONENT|Register16b:PRICE_REGISTER    ; work         ;
;    |controller:CONTROLLER_COMPONENT|  ; 9 (9)             ; 10 (10)      ; 0           ; 0            ; 0       ; 0         ; 0    ; 0            ; |BusPaymentMachine|controller:CONTROLLER_COMPONENT                           ; work         ;
+---------------------------------------+-------------------+--------------+-------------+--------------+---------+-----------+------+--------------+------------------------------------------------------------------------------+--------------+
Note: For table entries with two numbers listed, the numbers in parentheses indicate the number of resources of the given type used by the specific entity alone. The numbers listed outside of parentheses indicate the total resources of the given type used by the specific entity and all of its sub-entities in the hierarchy.


Encoding Type:  One-Hot
+-----------------------------------------------------------------------------------------------------------------------------------------------------------------------------------------------------------------------------------------------------------+
; State Machine - |BusPaymentMachine|controller:CONTROLLER_COMPONENT|current_state                                                                                                                                                                          ;
+-------------------------+---------------------+-------------------+-------------------------+------------------------+--------------------+-------------------+----------------------+-----------------------+-----------------------+--------------------+
; Name                    ; current_state.allow ; current_state.pay ; current_state.newBudget ; current_state.error_st ; current_state.comp ; current_state.att ; current_state.search ; current_state.read_st ; current_state.wait_st ; current_state.Init ;
+-------------------------+---------------------+-------------------+-------------------------+------------------------+--------------------+-------------------+----------------------+-----------------------+-----------------------+--------------------+
; current_state.Init      ; 0                   ; 0                 ; 0                       ; 0                      ; 0                  ; 0                 ; 0                    ; 0                     ; 0                     ; 0                  ;
; current_state.wait_st   ; 0                   ; 0                 ; 0                       ; 0                      ; 0                  ; 0                 ; 0                    ; 0                     ; 1                     ; 1                  ;
; current_state.read_st   ; 0                   ; 0                 ; 0                       ; 0                      ; 0                  ; 0                 ; 0                    ; 1                     ; 0                     ; 1                  ;
; current_state.search    ; 0                   ; 0                 ; 0                       ; 0                      ; 0                  ; 0                 ; 1                    ; 0                     ; 0                     ; 1                  ;
; current_state.att       ; 0                   ; 0                 ; 0                       ; 0                      ; 0                  ; 1                 ; 0                    ; 0                     ; 0                     ; 1                  ;
; current_state.comp      ; 0                   ; 0                 ; 0                       ; 0                      ; 1                  ; 0                 ; 0                    ; 0                     ; 0                     ; 1                  ;
; current_state.error_st  ; 0                   ; 0                 ; 0                       ; 1                      ; 0                  ; 0                 ; 0                    ; 0                     ; 0                     ; 1                  ;
; current_state.newBudget ; 0                   ; 0                 ; 1                       ; 0                      ; 0                  ; 0                 ; 0                    ; 0                     ; 0                     ; 1                  ;
; current_state.pay       ; 0                   ; 1                 ; 0                       ; 0                      ; 0                  ; 0                 ; 0                    ; 0                     ; 0                     ; 1                  ;
; current_state.allow     ; 1                   ; 0                 ; 0                       ; 0                      ; 0                  ; 0                 ; 0                    ; 0                     ; 0                     ; 1                  ;
+-------------------------+---------------------+-------------------+-------------------------+------------------------+--------------------+-------------------+----------------------+-----------------------+-----------------------+--------------------+


+------------------------------------------------------+
; General Register Statistics                          ;
+----------------------------------------------+-------+
; Statistic                                    ; Value ;
+----------------------------------------------+-------+
; Total registers                              ; 58    ;
; Number of registers using Synchronous Clear  ; 16    ;
; Number of registers using Synchronous Load   ; 16    ;
; Number of registers using Asynchronous Clear ; 0     ;
; Number of registers using Asynchronous Load  ; 0     ;
; Number of registers using Clock Enable       ; 48    ;
; Number of registers using Preset             ; 0     ;
+----------------------------------------------+-------+


+-------------------------------------------------------------------------------------------------------------------------------------------------------------------------------------------------+
; Multiplexer Restructuring Statistics (Restructuring Performed)                                                                                                                                  ;
+--------------------+-----------+---------------+----------------------+------------------------+------------+-----------------------------------------------------------------------------------+
; Multiplexer Inputs ; Bus Width ; Baseline Area ; Area if Restructured ; Saving if Restructured ; Registered ; Example Multiplexer Output                                                        ;
+--------------------+-----------+---------------+----------------------+------------------------+------------+-----------------------------------------------------------------------------------+
; 3:1                ; 16 bits   ; 32 LEs        ; 16 LEs               ; 16 LEs                 ; Yes        ; |BusPaymentMachine|DataPath:DATAPATH_COMPONENT|Register16b:C_ID_REGISTER|Q[1]     ;
; 3:1                ; 16 bits   ; 32 LEs        ; 16 LEs               ; 16 LEs                 ; Yes        ; |BusPaymentMachine|DataPath:DATAPATH_COMPONENT|Register16b:PRICE_REGISTER|Q[10]   ;
; 4:1                ; 16 bits   ; 32 LEs        ; 32 LEs               ; 0 LEs                  ; Yes        ; |BusPaymentMachine|DataPath:DATAPATH_COMPONENT|Register16b:C_BUDGET_REGISTER|Q[0] ;
+--------------------+-----------+---------------+----------------------+------------------------+------------+-----------------------------------------------------------------------------------+


+-----------------------------------------------------------------------------------+
; Parameter Settings for User Entity Instance: Top-level Entity: |BusPaymentMachine ;
+----------------+-------+----------------------------------------------------------+
; Parameter Name ; Value ; Type                                                     ;
+----------------+-------+----------------------------------------------------------+
; W              ; 16    ; Signed Integer                                           ;
+----------------+-------+----------------------------------------------------------+
Note: In order to hide this table in the UI and the text report file, please set the "Show Parameter Settings in Synthesis Report" option in "Analysis and Synthesis Settings -> More Settings" to "Off".


+--------------------------------------------------------------------------+
; Parameter Settings for User Entity Instance: DataPath:DATAPATH_COMPONENT ;
+----------------+-------+-------------------------------------------------+
; Parameter Name ; Value ; Type                                            ;
+----------------+-------+-------------------------------------------------+
; W              ; 16    ; Signed Integer                                  ;
+----------------+-------+-------------------------------------------------+
Note: In order to hide this table in the UI and the text report file, please set the "Show Parameter Settings in Synthesis Report" option in "Analysis and Synthesis Settings -> More Settings" to "Off".


+----------------------------------------------------------------------------------------------------+
; Parameter Settings for User Entity Instance: DataPath:DATAPATH_COMPONENT|Register16b:C_ID_REGISTER ;
+----------------+-------+---------------------------------------------------------------------------+
; Parameter Name ; Value ; Type                                                                      ;
+----------------+-------+---------------------------------------------------------------------------+
; W              ; 15    ; Signed Integer                                                            ;
+----------------+-------+---------------------------------------------------------------------------+
Note: In order to hide this table in the UI and the text report file, please set the "Show Parameter Settings in Synthesis Report" option in "Analysis and Synthesis Settings -> More Settings" to "Off".


+--------------------------------------------------------------------------------------------------------+
; Parameter Settings for User Entity Instance: DataPath:DATAPATH_COMPONENT|Register16b:C_BUDGET_REGISTER ;
+----------------+-------+-------------------------------------------------------------------------------+
; Parameter Name ; Value ; Type                                                                          ;
+----------------+-------+-------------------------------------------------------------------------------+
; W              ; 15    ; Signed Integer                                                                ;
+----------------+-------+-------------------------------------------------------------------------------+
Note: In order to hide this table in the UI and the text report file, please set the "Show Parameter Settings in Synthesis Report" option in "Analysis and Synthesis Settings -> More Settings" to "Off".


+-----------------------------------------------------------------------------------------------------+
; Parameter Settings for User Entity Instance: DataPath:DATAPATH_COMPONENT|Register16b:PRICE_REGISTER ;
+----------------+-------+----------------------------------------------------------------------------+
; Parameter Name ; Value ; Type                                                                       ;
+----------------+-------+----------------------------------------------------------------------------+
; W              ; 15    ; Signed Integer                                                             ;
+----------------+-------+----------------------------------------------------------------------------+
Note: In order to hide this table in the UI and the text report file, please set the "Show Parameter Settings in Synthesis Report" option in "Analysis and Synthesis Settings -> More Settings" to "Off".


+-----------------------------------------------------------------------------------------------+
; Parameter Settings for User Entity Instance: DataPath:DATAPATH_COMPONENT|LessThan16b:LESSTHAN ;
+----------------+-------+----------------------------------------------------------------------+
; Parameter Name ; Value ; Type                                                                 ;
+----------------+-------+----------------------------------------------------------------------+
; W              ; 15    ; Signed Integer                                                       ;
+----------------+-------+----------------------------------------------------------------------+
Note: In order to hide this table in the UI and the text report file, please set the "Show Parameter Settings in Synthesis Report" option in "Analysis and Synthesis Settings -> More Settings" to "Off".


+--------------------------------------------------------------------------------------------------+
; Parameter Settings for User Entity Instance: DataPath:DATAPATH_COMPONENT|Subtrator16b:SUBTRACTOR ;
+----------------+-------+-------------------------------------------------------------------------+
; Parameter Name ; Value ; Type                                                                    ;
+----------------+-------+-------------------------------------------------------------------------+
; W              ; 15    ; Signed Integer                                                          ;
+----------------+-------+-------------------------------------------------------------------------+
Note: In order to hide this table in the UI and the text report file, please set the "Show Parameter Settings in Synthesis Report" option in "Analysis and Synthesis Settings -> More Settings" to "Off".


+------------------------------------------------------------------------------------+
; Parameter Settings for User Entity Instance: DataPath:DATAPATH_COMPONENT|Mux2i:MUX ;
+----------------+-------+-----------------------------------------------------------+
; Parameter Name ; Value ; Type                                                      ;
+----------------+-------+-----------------------------------------------------------+
; W              ; 15    ; Signed Integer                                            ;
+----------------+-------+-----------------------------------------------------------+
Note: In order to hide this table in the UI and the text report file, please set the "Show Parameter Settings in Synthesis Report" option in "Analysis and Synthesis Settings -> More Settings" to "Off".


+-------------------------------+
; Elapsed Time Per Partition    ;
+----------------+--------------+
; Partition Name ; Elapsed Time ;
+----------------+--------------+
; Top            ; 00:00:00     ;
+----------------+--------------+


+-------------------------------+
; Analysis & Synthesis Messages ;
+-------------------------------+
Info: *******************************************************************
Info: Running Quartus II 64-Bit Analysis & Synthesis
    Info: Version 13.0.1 Build 232 06/12/2013 Service Pack 1 SJ Web Edition
    Info: Processing started: Thu Mar 18 23:19:30 2021
Info: Command: quartus_map --read_settings_files=on --write_settings_files=off BusPaymentMachine -c BusPaymentMachine
Warning (20028): Parallel compilation is not licensed and has been disabled
Info (12021): Found 2 design units, including 1 entities, in source file /altera/13.0sp1/trabalhofinal/buspaymentmachine/components/datapath/datapath.vhd
    Info (12022): Found design unit 1: DataPath-structure
    Info (12023): Found entity 1: DataPath
Info (12021): Found 2 design units, including 1 entities, in source file /altera/13.0sp1/trabalhofinal/buspaymentmachine/components/subtractor16b/subtrator16b.vhd
    Info (12022): Found design unit 1: Subtrator16b-comportamental
    Info (12023): Found entity 1: Subtrator16b
Info (12021): Found 2 design units, including 1 entities, in source file /altera/13.0sp1/trabalhofinal/buspaymentmachine/components/register16b/register16b.vhd
    Info (12022): Found design unit 1: Register16b-RTL
    Info (12023): Found entity 1: Register16b
Info (12021): Found 2 design units, including 1 entities, in source file /altera/13.0sp1/trabalhofinal/buspaymentmachine/components/mux2i/mux2i.vhd
    Info (12022): Found design unit 1: Mux2i-arch
    Info (12023): Found entity 1: Mux2i
Info (12021): Found 2 design units, including 1 entities, in source file /altera/13.0sp1/trabalhofinal/buspaymentmachine/components/lessthan16b/lessthan16b.vhd
    Info (12022): Found design unit 1: LessThan16b-comportamental
    Info (12023): Found entity 1: LessThan16b
Info (12021): Found 2 design units, including 1 entities, in source file /altera/13.0sp1/trabalhofinal/buspaymentmachine/components/controller/controller.vhd
    Info (12022): Found design unit 1: controller-arch
    Info (12023): Found entity 1: controller
Info (12021): Found 2 design units, including 1 entities, in source file tb_buspaymentmachine.vhd
    Info (12022): Found design unit 1: tb_BusPaymentMachine-teste
    Info (12023): Found entity 1: tb_BusPaymentMachine
Info (12021): Found 2 design units, including 1 entities, in source file buspaymentmachine.vhd
    Info (12022): Found design unit 1: BusPaymentMachine-structure
    Info (12023): Found entity 1: BusPaymentMachine
Info (12127): Elaborating entity "BusPaymentMachine" for the top level hierarchy
Info (12128): Elaborating entity "DataPath" for hierarchy "DataPath:DATAPATH_COMPONENT"
Info (12128): Elaborating entity "Register16b" for hierarchy "DataPath:DATAPATH_COMPONENT|Register16b:C_ID_REGISTER"
Info (12128): Elaborating entity "LessThan16b" for hierarchy "DataPath:DATAPATH_COMPONENT|LessThan16b:LESSTHAN"
Info (12128): Elaborating entity "Subtrator16b" for hierarchy "DataPath:DATAPATH_COMPONENT|Subtrator16b:SUBTRACTOR"
Info (12128): Elaborating entity "Mux2i" for hierarchy "DataPath:DATAPATH_COMPONENT|Mux2i:MUX"
Info (12128): Elaborating entity "controller" for hierarchy "controller:CONTROLLER_COMPONENT"
Info (16010): Generating hard_block partition "hard_block:auto_generated_inst"
    Info (16011): Adding 0 node(s), including 0 DDIO, 0 PLL, 0 transceiver and 0 LCELL
Info (21057): Implemented 167 device resources after synthesis - the final resource count might be different
    Info (21058): Implemented 52 input pins
    Info (21059): Implemented 36 output pins
    Info (21061): Implemented 79 logic cells
Info: Quartus II 64-Bit Analysis & Synthesis was successful. 0 errors, 1 warning
    Info: Peak virtual memory: 4634 megabytes
    Info: Processing ended: Thu Mar 18 23:19:35 2021
    Info: Elapsed time: 00:00:05
    Info: Total CPU time (on all processors): 00:00:03


